<?xml version="1.0" encoding="UTF-8"?>
<testsuite name="Anubhav/tests" tests="1" failures="1" skipped="0" hostname="ibm-anubhavsharma" time="1.235" timestamp="Wed Sep 18 13:42:57 IST 2024">
	<properties>
		<property name="excludeCallableTestCases" value="true"/>
		<property name="testEnvironment" value=""/>
		<property name="pluginOutputLevel" value="WARNING"/>
		<property name="projectPath" value=".."/>
		<property name="salesforceMetadataCache" value="Reuse"/>
		<property name="resultsPathDisposition" value="Increment"/>
		<property name="testOutputLevel" value="INFO"/>
		<property name="webBrowserType" value="Chrome"/>
		<property name="resultsPath" value="../ANT/Results"/>
		<property name="webBrowserConfiguration" value="Full Screen"/>
		<property name="projectCachePath" value="C:\Users\anubhav.sharma\Provar\PersonalProject\Anubhav\ANT\..\..\.provarCaches"/>
	</properties>
	<testcase classname="tests/Account Create.testcase" name="Account Create.testcase" time="1.17">
		<failure message="Execution failed"><![CDATA[Connection exception while opening Partner connection. Connection name: SalesforceConn, environment: <default>, authEndpoint: https://login.salesforce.com/services/Soap/u/61.0, userName: anubhav7522@gmail.com, password: [supplied], securityToken: [empty]]]></failure>
	</testcase>
</testsuite>
