<?xml version="1.0" encoding="UTF-8"?>
<testsuite name="Anubhav/tests" tests="1" failures="1" skipped="0" hostname="ibm-anubhavsharma" time="5.633" timestamp="Thu Nov 21 13:59:15 IST 2024">
	<properties>
		<property name="excludeCallableTestCases" value="true"/>
		<property name="testEnvironment" value=""/>
		<property name="pluginOutputLevel" value="WARNING"/>
		<property name="projectPath" value=".."/>
		<property name="salesforceMetadataCache" value="Reuse"/>
		<property name="resultsPathDisposition" value="Increment"/>
		<property name="testOutputLevel" value="INFO"/>
		<property name="webBrowserType" value="Chrome"/>
		<property name="resultsPath" value="../ANT/Results"/>
		<property name="webBrowserConfiguration" value="Full Screen"/>
		<property name="projectCachePath" value="C:\Users\anubhav.sharma\git\PPproject\Anubhav\ANT\..\..\.provarCaches"/>
	</properties>
	<testcase classname="tests/UIActionWPO.testcase" name="UIActionWPO.testcase" time="5.325">
		<failure message="Execution failed"><![CDATA[Field not found on Page Object.  Parent class: pageobjects.MyPageObject, field: SearchBox]]></failure>
	</testcase>
</testsuite>
